0 info it worked if it ends with ok
1 verbose cli [ 'D:\\Program Files\\nvm-nodejs\\node.exe',
1 verbose cli   'D:\\nodejs\\node_global\\node_modules\\npm\\bin\\npm-cli.js',
1 verbose cli   'start' ]
2 info using npm@3.10.8
3 info using node@v7.7.1
4 verbose run-script [ 'prestart', 'start', 'poststart' ]
5 info lifecycle sipeng-server@0.0.0~prestart: sipeng-server@0.0.0
6 silly lifecycle sipeng-server@0.0.0~prestart: no script for prestart, continuing
7 info lifecycle sipeng-server@0.0.0~start: sipeng-server@0.0.0
8 verbose lifecycle sipeng-server@0.0.0~start: unsafe-perm in lifecycle true
9 verbose lifecycle sipeng-server@0.0.0~start: PATH: D:\nodejs\node_global\node_modules\npm\bin\node-gyp-bin;E:\nodejs\sipeng-server\node_modules\.bin;D:\Python27\;D:\Python27\Scripts;D:\Python27\;C:\ProgramData\Oracle\Java\javapath;C:\WINDOWS\system32;C:\WINDOWS;C:\WINDOWS\System32\Wbem;C:\WINDOWS\System32\WindowsPowerShell\v1.0\;D:\Program Files\TortoiseSVN\bin;D:\Program Files\Git\cmd;D:\nodejs\node_global;D:\Program Files\Java\jdk1.8.0_101\bin;D:\Program Files\Java\jdk1.8.0_101\jre\bin;C:\Program Files\MySQL\MySQL Server 5.5\bin;C:\Program Files\MongoDB\Server\3.2\bin;E:/SDK/sdk\tools;E:/SDK/sdk\platform-tools;E:\gradle\bin;C:\Program Files\Sublime Text 3;C:\Users\Administrator\.dnx\bin;C:\Program Files\Microsoft DNX\Dnvm\;C:\Program Files\Microsoft SQL Server\130\Tools\Binn\;E:\cocos2d\enginePackage\cocos2d-x-3.13.1\templates;E:\cocos2d\enginePackage\cocos2d-x-3.13.1\tools\cocos2d-console\bin;C:\Users\Administrator\AppData\Local\atom\bin;D:\Program Files\Heroku\bin;D:\Program Files (x86)\Microsoft VS Code\bin;C:\Users\Administrator\AppData\Roaming\npm;E:\nvm;D:\Program Files\nvm-nodejs;E:\cocos2d\enginePackage\cocos2d-x-3.13.1\templates;E:\cocos2d\enginePackage\cocos2d-x-3.13.1\tools\cocos2d-console\bin;D:\Program Files\Heroku\bin;D:\Program Files (x86)\Microsoft VS Code\bin;C:\Users\Administrator\AppData\Local\atom\bin
10 verbose lifecycle sipeng-server@0.0.0~start: CWD: E:\nodejs\sipeng-server
11 silly lifecycle sipeng-server@0.0.0~start: Args: [ '/d /s /c', 'node ./bin/www' ]
12 verbose stack Error: kill ENOSYS
12 verbose stack     at exports._errnoException (util.js:1029:11)
12 verbose stack     at process.kill (internal/process.js:188:13)
12 verbose stack     at process.listener (D:\nodejs\node_global\node_modules\npm\node_modules\npmlog\node_modules\gauge\node_modules\signal-exit\index.js:86:15)
12 verbose stack     at emitNone (events.js:91:20)
12 verbose stack     at process.emit (events.js:188:7)
12 verbose stack     at processEmit (D:\nodejs\node_global\node_modules\npm\node_modules\npmlog\node_modules\gauge\node_modules\signal-exit\index.js:146:32)
12 verbose stack     at processEmit (D:\nodejs\node_global\node_modules\npm\node_modules\npm-registry-client\node_modules\npmlog\node_modules\gauge\node_modules\signal-exit\index.js:146:32)
12 verbose stack     at Signal.wrap.onsignal (internal/process.js:215:44)
13 verbose cwd E:\nodejs\sipeng-server
14 error Windows_NT 10.0.10586
15 error argv "D:\\Program Files\\nvm-nodejs\\node.exe" "D:\\nodejs\\node_global\\node_modules\\npm\\bin\\npm-cli.js" "start"
16 error node v7.7.1
17 error npm  v3.10.8
18 error code ENOSYS
19 error errno ENOSYS
20 error syscall kill
21 error kill ENOSYS
22 error If you need help, you may report this error at:
22 error     <https://github.com/npm/npm/issues>
23 verbose exit [ 1, true ]
